[2025-10-18 12:09:24] [INFO] - (COLD) Temp zraka:26.4C, Vlaga:29.2%, Temp zemlje:21.625C, Soil%:86.336%, Lux:14.17, STABLE=1
[2025-10-18 12:16:29] [INFO] - Zaustavljeno od strane korisnika.
[2025-10-18 12:18:40] [INFO] - (COLD) Temp zraka:26.5C, Vlaga:29.1%, Temp zemlje:21.75C, Soil%:86.328%, Lux:19.17, STABLE=1
[2025-10-18 12:35:33] [INFO] - Zaustavljeno od strane korisnika.
[2025-10-18 16:30:27] [INFO] - (COLD) Temp zraka:26.5C, Vlaga:28.7%, Temp zemlje:21.437C, Soil%:86.198%, Lux:8.33, STABLE=1
[2025-10-18 17:10:29] [INFO] - (COLD) Temp zraka:25.9C, Vlaga:25.8%, Temp zemlje:21.25C, Soil%:85.647%, Lux:9.17, STABLE=1
[2025-10-18 17:50:30] [INFO] - (COLD) Temp zraka:26.0C, Vlaga:26.0%, Temp zemlje:21.125C, Soil%:85.664%, Lux:0.83, STABLE=1
[2025-10-18 18:30:32] [INFO] - (COLD) Temp zraka:25.7C, Vlaga:27.1%, Temp zemlje:20.75C, Soil%:85.897%, Lux:1.67, STABLE=1
[2025-10-18 19:10:36] [INFO] - (COLD) Temp zraka:25.3C, Vlaga:33.2%, Temp zemlje:20.375C, Soil%:85.647%, Lux:4.17, STABLE=1
[2025-10-18 19:50:38] [INFO] - (COLD) Temp zraka:25.2C, Vlaga:32.8%, Temp zemlje:20.062C, Soil%:89.345%, Lux:1.67, STABLE=1
[2025-10-18 20:30:40] [INFO] - (COLD) Temp zraka:25.0C, Vlaga:33.3%, Temp zemlje:19.812C, Soil%:85.069%, Lux:2.5, STABLE=1
[2025-10-18 20:45:18] [INFO] - Zaustavljeno od strane korisnika.
[2025-10-19 14:53:21] [INFO] - (COLD) Temp zraka:26.8C, Vlaga:24.9%, Temp zemlje:22.687C, Soil%:82.897%, Lux:14.17, STABLE=1
[2025-10-19 15:11:24] [INFO] - Zaustavljeno od strane korisnika.
[2025-10-19 15:23:03] [INFO] - (COLD) Temp zraka:26.8C, Vlaga:24.9%, Temp zemlje:23.0C, Soil%:85.216%, Lux:6.67, STABLE=1
[2025-10-19 15:28:34] [INFO] - Zaustavljeno od strane korisnika.
[2025-10-19 16:02:07] [INFO] - (COLD) Temp zraka:26.8C, Vlaga:25.4%, Temp zemlje:23.312C, Soil%:82.784%, Lux:4.17, STABLE=1
[2025-10-19 16:42:09] [INFO] - (COLD) Temp zraka:26.8C, Vlaga:25.4%, Temp zemlje:23.437C, Soil%:82.31%, Lux:3.33, STABLE=1
[2025-10-19 16:43:00] [INFO] - Zaustavljeno od strane korisnika.
[2025-10-19 16:43:29] [INFO] - (COLD) Temp zraka:26.8C, Vlaga:25.0%, Temp zemlje:23.5C, Soil%:82.672%, Lux:3.33, STABLE=1
[2025-10-19 16:58:24] [INFO] - Zaustavljeno od strane korisnika.
[2025-10-19 16:59:09] [INFO] - (COLD) Temp zraka:26.9C, Vlaga:25.0%, Temp zemlje:23.5C, Soil%:82.578%, Lux:3.33, STABLE=1
[2025-10-19 17:26:36] [INFO] - Zaustavljeno od strane korisnika.
[2025-10-19 17:39:26] [INFO] - (COLD) Temp zraka:26.9C, Vlaga:25.1%, Temp zemlje:23.625C, Soil%:82.491%, Lux:0.83, STABLE=1
[2025-10-19 18:10:28] [INFO] - Zaustavljeno od strane korisnika.
[2025-10-19 18:11:21] [INFO] - (COLD) Temp zraka:26.9C, Vlaga:25.3%, Temp zemlje:23.687C, Soil%:82.405%, Lux:0.0, STABLE=1
[2025-10-19 18:51:23] [INFO] - (COLD) Temp zraka:26.9C, Vlaga:25.4%, Temp zemlje:23.687C, Soil%:82.422%, Lux:1.67, STABLE=1
[2025-10-19 18:56:10] [INFO] - Zaustavljeno od strane korisnika.
[2025-10-19 20:16:35] [INFO] - (COLD) Temp zraka:26.8C, Vlaga:26.2%, Temp zemlje:23.625C, Soil%:82.207%, Lux:2.5, STABLE=1
[2025-10-19 20:56:37] [INFO] - (COLD) Temp zraka:26.9C, Vlaga:26.3%, Temp zemlje:23.562C, Soil%:81.828%, Lux:0.83, STABLE=1
[2025-10-19 21:32:11] [INFO] - Zaustavljeno od strane korisnika.
[2025-10-19 22:32:51] [INFO] - (COLD) Temp zraka:26.8C, Vlaga:26.1%, Temp zemlje:23.437C, Soil%:82.664%, Lux:1.67, STABLE=1
[2025-10-19 22:33:48] [INFO] - Zaustavljeno od strane korisnika.
[2025-10-19 22:33:58] [INFO] - (COLD) Temp zraka:26.8C, Vlaga:26.0%, Temp zemlje:23.437C, Soil%:82.147%, Lux:0.83, STABLE=1
[2025-10-19 22:36:14] [INFO] - Zaustavljeno od strane korisnika.
[2025-10-19 22:40:51] [INFO] - (COLD) Temp zraka:26.8C, Vlaga:26.1%, Temp zemlje:23.437C, Soil%:82.138%, Lux:0.83, STABLE=1
[2025-10-19 22:49:53] [INFO] - Zaustavljeno od strane korisnika.
[2025-10-19 23:04:42] [INFO] - (COLD) Temp zraka:26.7C, Vlaga:26.0%, Temp zemlje:23.375C, Soil%:82.069%, Lux:0.83, STABLE=1
[2025-10-19 23:17:28] [INFO] - Zaustavljeno od strane korisnika.
[2025-10-19 23:45:41] [INFO] - (COLD) Temp zraka:26.7C, Vlaga:25.8%, Temp zemlje:23.187C, Soil%:82.129%, Lux:1.67, STABLE=1
[2025-10-19 23:47:13] [INFO] - Zaustavljeno od strane korisnika.
[2025-10-19 23:56:56] [INFO] - (COLD) Temp zraka:26.6C, Vlaga:25.9%, Temp zemlje:23.125C, Soil%:82.112%, Lux:3.33, STABLE=1
[2025-10-20 00:19:34] [INFO] - Zaustavljeno od strane korisnika.
[2025-10-20 00:20:05] [INFO] - (COLD) Temp zraka:26.5C, Vlaga:25.9%, Temp zemlje:21.812C, Soil%:84.216%, Lux:2.5, STABLE=1
[2025-10-20 01:00:10] [INFO] - (COLD) Temp zraka:23.8C, Vlaga:25.6%, Temp zemlje:18.75C, Soil%:83.44%, Lux:0.83, STABLE=1
[2025-10-20 01:40:11] [INFO] - (COLD) Temp zraka:23.7C, Vlaga:25.5%, Temp zemlje:17.187C, Soil%:83.0%, Lux:0.83, STABLE=1
[2025-10-20 02:20:13] [INFO] - (COLD) Temp zraka:23.0C, Vlaga:26.4%, Temp zemlje:16.125C, Soil%:82.733%, Lux:0.0, STABLE=1
[2025-10-20 03:00:15] [INFO] - (COLD) Temp zraka:22.6C, Vlaga:26.6%, Temp zemlje:15.5C, Soil%:82.405%, Lux:0.0, STABLE=1
[2025-10-20 03:40:16] [INFO] - (COLD) Temp zraka:22.3C, Vlaga:27.2%, Temp zemlje:15.187C, Soil%:85.974%, Lux:0.0, STABLE=1
[2025-10-20 04:20:18] [INFO] - (COLD) Temp zraka:22.1C, Vlaga:27.0%, Temp zemlje:14.937C, Soil%:82.483%, Lux:0.0, STABLE=1
[2025-10-20 05:00:22] [INFO] - (COLD) Temp zraka:21.5C, Vlaga:27.6%, Temp zemlje:14.625C, Soil%:82.483%, Lux:0.0, STABLE=1
[2025-10-20 05:40:24] [INFO] - (COLD) Temp zraka:21.5C, Vlaga:27.6%, Temp zemlje:14.437C, Soil%:82.379%, Lux:0.0, STABLE=1
[2025-10-20 06:20:26] [INFO] - (COLD) Temp zraka:21.4C, Vlaga:27.7%, Temp zemlje:14.312C, Soil%:82.345%, Lux:0.0, STABLE=1
[2025-10-20 07:00:27] [INFO] - (COLD) Temp zraka:21.5C, Vlaga:27.8%, Temp zemlje:14.187C, Soil%:82.336%, Lux:0.0, STABLE=1
[2025-10-20 07:40:29] [INFO] - (COLD) Temp zraka:21.4C, Vlaga:27.9%, Temp zemlje:14.5C, Soil%:81.776%, Lux:1.67, STABLE=1
[2025-10-20 08:20:31] [INFO] - (COLD) Temp zraka:22.3C, Vlaga:27.2%, Temp zemlje:14.375C, Soil%:82.086%, Lux:4.17, STABLE=1
[2025-10-20 09:00:32] [INFO] - (COLD) Temp zraka:21.1C, Vlaga:28.9%, Temp zemlje:14.375C, Soil%:81.94%, Lux:5.0, STABLE=1
[2025-10-20 09:40:34] [INFO] - (COLD) Temp zraka:21.0C, Vlaga:29.8%, Temp zemlje:14.687C, Soil%:81.974%, Lux:16.67, STABLE=1
[2025-10-20 10:20:36] [INFO] - (COLD) Temp zraka:21.2C, Vlaga:30.5%, Temp zemlje:15.25C, Soil%:81.371%, Lux:65.0, STABLE=1
[2025-10-20 11:00:37] [INFO] - (COLD) Temp zraka:21.6C, Vlaga:30.8%, Temp zemlje:16.25C, Soil%:80.888%, Lux:73.33, STABLE=1
[2025-10-20 11:40:39] [INFO] - (COLD) Temp zraka:22.3C, Vlaga:29.8%, Temp zemlje:17.062C, Soil%:80.966%, Lux:77.5, STABLE=1
[2025-10-20 12:20:46] [INFO] - (COLD) Temp zraka:22.7C, Vlaga:29.9%, Temp zemlje:17.687C, Soil%:80.905%, Lux:36.67, STABLE=1
[2025-10-20 13:00:47] [INFO] - (COLD) Temp zraka:22.7C, Vlaga:29.9%, Temp zemlje:18.0C, Soil%:80.974%, Lux:10.83, STABLE=1
[2025-10-20 13:40:49] [INFO] - (COLD) Temp zraka:22.7C, Vlaga:30.3%, Temp zemlje:18.187C, Soil%:80.862%, Lux:23.33, STABLE=1
[2025-10-20 14:20:51] [INFO] - (COLD) Temp zraka:22.8C, Vlaga:30.5%, Temp zemlje:18.375C, Soil%:80.672%, Lux:22.5, STABLE=1
[2025-10-20 15:00:52] [INFO] - (COLD) Temp zraka:22.9C, Vlaga:30.6%, Temp zemlje:18.5C, Soil%:80.802%, Lux:3.33, STABLE=1
[2025-10-20 15:40:54] [INFO] - (COLD) Temp zraka:22.8C, Vlaga:30.9%, Temp zemlje:18.437C, Soil%:80.681%, Lux:3.33, STABLE=1
[2025-10-20 16:20:56] [INFO] - (COLD) Temp zraka:22.8C, Vlaga:31.4%, Temp zemlje:18.437C, Soil%:79.948%, Lux:3.33, STABLE=1
[2025-10-20 17:00:58] [INFO] - (COLD) Temp zraka:23.1C, Vlaga:31.9%, Temp zemlje:19.562C, Soil%:84.319%, Lux:0.83, STABLE=1
[2025-10-20 17:40:59] [INFO] - (COLD) Temp zraka:23.9C, Vlaga:31.5%, Temp zemlje:20.5C, Soil%:79.638%, Lux:0.0, STABLE=1
[2025-10-20 18:21:03] [INFO] - (COLD) Temp zraka:24.5C, Vlaga:32.5%, Temp zemlje:21.0C, Soil%:79.991%, Lux:1.67, STABLE=1
[2025-10-20 18:36:56] [INFO] - Zaustavljeno od strane korisnika.
[2025-10-20 18:37:56] [INFO] - (COLD) Temp zraka:24.4C, Vlaga:32.4%, Temp zemlje:21.062C, Soil%:80.069%, Lux:0.83, STABLE=1
[2025-10-20 18:47:14] [INFO] - Zaustavljeno od strane korisnika.
[2025-10-20 18:47:35] [INFO] - (COLD) Temp zraka:24.9C, Vlaga:31.4%, Temp zemlje:21.187C, Soil%:79.991%, Lux:1.67, STABLE=1
[2025-10-20 19:07:01] [INFO] - Zaustavljeno od strane korisnika.
[2025-10-20 19:27:26] [INFO] - (COLD) Temp zraka:25.1C, Vlaga:31.0%, Temp zemlje:21.625C, Soil%:79.879%, Lux:1.67, STABLE=1
[2025-10-20 20:07:28] [INFO] - (COLD) Temp zraka:25.6C, Vlaga:30.5%, Temp zemlje:22.0C, Soil%:79.629%, Lux:0.83, STABLE=1
[2025-10-20 20:34:23] [INFO] - Zaustavljeno od strane korisnika.
[2025-10-20 20:34:56] [INFO] - (COLD) Temp zraka:25.7C, Vlaga:30.4%, Temp zemlje:22.187C, Soil%:79.888%, Lux:0.83, STABLE=1
[2025-10-20 21:14:57] [INFO] - (COLD) Temp zraka:25.8C, Vlaga:30.1%, Temp zemlje:21.062C, Soil%:81.026%, Lux:23.33, STABLE=1
[2025-10-20 21:54:59] [INFO] - (COLD) Temp zraka:24.8C, Vlaga:31.7%, Temp zemlje:20.75C, Soil%:78.457%, Lux:0.83, STABLE=1
[2025-10-20 22:35:01] [INFO] - (COLD) Temp zraka:24.7C, Vlaga:32.1%, Temp zemlje:23.0C, Soil%:78.647%, Lux:0.0, STABLE=1
[2025-10-20 23:15:02] [INFO] - (COLD) Temp zraka:24.5C, Vlaga:32.4%, Temp zemlje:23.812C, Soil%:78.957%, Lux:2.5, STABLE=1
[2025-10-20 23:49:22] [INFO] - Zaustavljeno od strane korisnika.
[2025-10-20 23:49:37] [INFO] - (COLD) Temp zraka:24.3C, Vlaga:32.4%, Temp zemlje:23.687C, Soil%:79.267%, Lux:0.83, STABLE=1
[2025-10-21 00:03:45] [INFO] - Zaustavljeno od strane korisnika.
[2025-10-21 00:05:15] [INFO] - (COLD) Temp zraka:24.3C, Vlaga:32.4%, Temp zemlje:23.625C, Soil%:79.181%, Lux:0.0, STABLE=1
[2025-10-21 00:45:16] [INFO] - Uključujem pumpu na 10s ...
[WARN] fresh ADS read error: [Errno 5] Input/output error
Traceback (most recent call last):
  File "/home/chilli/cher/chiliGit/logger.py", line 237, in <module>
    run_logger(cold_first=True)
  File "/home/chilli/cher/chiliGit/logger.py", line 153, in run_logger
    perform_watering()
  File "/home/chilli/cher/chiliGit/logger.py", line 106, in perform_watering
    set_relay_state(RELAY2, True)  # Assuming RELAY2 is the water pump
                    ^^^^^^
NameError: name 'RELAY2' is not defined. Did you mean: 'RELAY1'?
[2025-10-21 07:27:45] [INFO] - (COLD) Temp zraka:24.3C, Vlaga:32.9%, Temp zemlje:18.75C, Soil%:78.784%, Lux:0.0, STABLE=1
[2025-10-21 08:07:47] [INFO] - (COLD) Temp zraka:23.2C, Vlaga:36.4%, Temp zemlje:19.25C, Soil%:78.397%, Lux:0.0, STABLE=1
[2025-10-21 08:47:49] [INFO] - (COLD) Temp zraka:22.9C, Vlaga:36.6%, Temp zemlje:19.75C, Soil%:78.336%, Lux:0.83, STABLE=1
[2025-10-21 09:27:50] [INFO] - (COLD) Temp zraka:22.8C, Vlaga:36.7%, Temp zemlje:20.062C, Soil%:78.5%, Lux:1.67, STABLE=1
[2025-10-21 10:07:52] [INFO] - (COLD) Temp zraka:22.8C, Vlaga:37.1%, Temp zemlje:20.312C, Soil%:78.491%, Lux:2.5, STABLE=1
[2025-10-21 10:47:54] [INFO] - (COLD) Temp zraka:22.9C, Vlaga:37.4%, Temp zemlje:20.5C, Soil%:78.284%, Lux:3.33, STABLE=1
[2025-10-21 11:27:56] [INFO] - (COLD) Temp zraka:23.1C, Vlaga:37.9%, Temp zemlje:20.687C, Soil%:78.155%, Lux:4.17, STABLE=1
[2025-10-21 12:07:57] [INFO] - (COLD) Temp zraka:23.2C, Vlaga:38.6%, Temp zemlje:20.875C, Soil%:78.103%, Lux:2.5, STABLE=1
[2025-10-21 12:47:59] [INFO] - (COLD) Temp zraka:23.4C, Vlaga:39.5%, Temp zemlje:21.062C, Soil%:78.052%, Lux:3.33, STABLE=1
[2025-10-21 13:28:01] [INFO] - (COLD) Temp zraka:23.4C, Vlaga:40.9%, Temp zemlje:21.25C, Soil%:77.948%, Lux:1.67, STABLE=1
[2025-10-21 14:08:02] [INFO] - (COLD) Temp zraka:23.5C, Vlaga:40.3%, Temp zemlje:21.375C, Soil%:77.905%, Lux:2.5, STABLE=1
[2025-10-21 14:48:04] [INFO] - (COLD) Temp zraka:23.6C, Vlaga:40.0%, Temp zemlje:21.437C, Soil%:77.862%, Lux:2.5, STABLE=1
[2025-10-21 15:28:06] [INFO] - (COLD) Temp zraka:23.6C, Vlaga:40.4%, Temp zemlje:21.562C, Soil%:84.466%, Lux:2.5, STABLE=1
[2025-10-21 15:37:04] [INFO] - Zaustavljeno od strane korisnika.
[2025-10-21 17:13:19] [INFO] - (COLD) Temp zraka:23.8C, Vlaga:39.1%, Temp zemlje:22.312C, Soil%:77.422%, Lux:2.5, STABLE=1
[2025-10-21 17:53:20] [INFO] - (COLD) Temp zraka:25.5C, Vlaga:37.2%, Temp zemlje:22.625C, Soil%:77.328%, Lux:1.67, STABLE=1
[2025-10-21 17:54:08] [INFO] - Zaustavljeno od strane korisnika.
[2025-10-21 18:09:45] [INFO] - (COLD) Temp zraka:25.7C, Vlaga:37.1%, Temp zemlje:22.687C, Soil%:77.293%, Lux:1.67, STABLE=1
[2025-10-21 18:49:47] [INFO] - (COLD) Temp zraka:25.8C, Vlaga:37.2%, Temp zemlje:22.875C, Soil%:77.302%, Lux:1.67, STABLE=1
[2025-10-21 19:29:49] [INFO] - (COLD) Temp zraka:25.9C, Vlaga:37.4%, Temp zemlje:21.937C, Soil%:78.647%, Lux:1.67, STABLE=1
[2025-10-21 20:09:43] [INFO] - Zaustavljeno od strane korisnika.
[2025-10-21 20:17:47] [INFO] - (COLD) Temp zraka:25.2C, Vlaga:40.5%, Temp zemlje:20.187C, Soil%:78.44%, Lux:1.67, STABLE=1
[2025-10-21 20:57:49] [INFO] - (COLD) Temp zraka:24.6C, Vlaga:42.3%, Temp zemlje:19.625C, Soil%:77.741%, Lux:1.67, STABLE=1
[2025-10-21 21:37:51] [INFO] - (COLD) Temp zraka:24.5C, Vlaga:43.1%, Temp zemlje:19.312C, Soil%:77.586%, Lux:0.83, STABLE=1
[2025-10-21 22:17:52] [INFO] - (COLD) Temp zraka:24.4C, Vlaga:43.6%, Temp zemlje:19.187C, Soil%:77.517%, Lux:0.0, STABLE=1
[2025-10-21 22:57:54] [INFO] - (COLD) Temp zraka:24.4C, Vlaga:43.8%, Temp zemlje:19.125C, Soil%:77.578%, Lux:0.0, STABLE=1
[2025-10-21 23:37:56] [INFO] - (COLD) Temp zraka:24.4C, Vlaga:43.5%, Temp zemlje:19.0C, Soil%:81.052%, Lux:0.0, STABLE=1
[2025-10-22 00:17:57] [INFO] - (COLD) Temp zraka:24.3C, Vlaga:44.1%, Temp zemlje:18.875C, Soil%:77.466%, Lux:0.83, STABLE=1
[2025-10-22 00:57:59] [INFO] - (COLD) Temp zraka:24.1C, Vlaga:43.7%, Temp zemlje:18.75C, Soil%:77.422%, Lux:0.83, STABLE=1
[2025-10-22 01:38:01] [INFO] - (COLD) Temp zraka:24.0C, Vlaga:44.1%, Temp zemlje:18.5C, Soil%:77.56%, Lux:1.67, STABLE=1
[2025-10-22 02:18:05] [INFO] - (COLD) Temp zraka:23.7C, Vlaga:44.1%, Temp zemlje:18.375C, Soil%:77.405%, Lux:0.83, STABLE=1
[2025-10-22 02:58:07] [INFO] - (COLD) Temp zraka:23.7C, Vlaga:44.1%, Temp zemlje:18.25C, Soil%:77.353%, Lux:0.83, STABLE=1
[2025-10-22 03:38:08] [INFO] - (COLD) Temp zraka:23.5C, Vlaga:44.1%, Temp zemlje:18.062C, Soil%:77.362%, Lux:0.0, STABLE=1
[2025-10-22 04:18:10] [INFO] - (COLD) Temp zraka:23.3C, Vlaga:43.8%, Temp zemlje:17.75C, Soil%:77.353%, Lux:0.0, STABLE=1
[2025-10-22 04:58:12] [INFO] - (COLD) Temp zraka:23.1C, Vlaga:43.5%, Temp zemlje:17.625C, Soil%:77.172%, Lux:0.0, STABLE=1
[2025-10-22 05:38:13] [INFO] - (COLD) Temp zraka:23.0C, Vlaga:43.6%, Temp zemlje:17.562C, Soil%:77.103%, Lux:0.0, STABLE=1
[2025-10-22 06:18:15] [INFO] - (COLD) Temp zraka:22.9C, Vlaga:43.3%, Temp zemlje:17.5C, Soil%:76.914%, Lux:0.0, STABLE=1
[2025-10-22 06:58:17] [INFO] - (COLD) Temp zraka:23.1C, Vlaga:43.2%, Temp zemlje:17.625C, Soil%:76.871%, Lux:0.0, STABLE=1
[2025-10-22 07:38:18] [INFO] - (COLD) Temp zraka:23.1C, Vlaga:42.9%, Temp zemlje:17.875C, Soil%:75.733%, Lux:14.17, STABLE=1
[2025-10-22 08:18:20] [INFO] - (COLD) Temp zraka:23.9C, Vlaga:41.5%, Temp zemlje:19.375C, Soil%:75.897%, Lux:0.83, STABLE=1
[2025-10-22 08:58:22] [INFO] - (COLD) Temp zraka:24.6C, Vlaga:39.4%, Temp zemlje:20.375C, Soil%:75.853%, Lux:1.67, STABLE=1
[2025-10-22 09:38:23] [INFO] - (COLD) Temp zraka:24.8C, Vlaga:38.8%, Temp zemlje:21.062C, Soil%:75.905%, Lux:2.5, STABLE=1
[2025-10-22 10:18:25] [INFO] - (COLD) Temp zraka:25.0C, Vlaga:38.5%, Temp zemlje:21.562C, Soil%:75.836%, Lux:14.17, STABLE=1
[2025-10-22 10:58:27] [INFO] - (COLD) Temp zraka:25.3C, Vlaga:38.5%, Temp zemlje:22.0C, Soil%:75.707%, Lux:23.33, STABLE=1
[2025-10-22 11:38:28] [INFO] - (COLD) Temp zraka:25.7C, Vlaga:38.3%, Temp zemlje:22.437C, Soil%:75.621%, Lux:30.0, STABLE=1
[2025-10-22 12:18:30] [INFO] - (COLD) Temp zraka:26.0C, Vlaga:37.8%, Temp zemlje:22.812C, Soil%:75.621%, Lux:32.5, STABLE=1
[2025-10-22 12:58:32] [INFO] - (COLD) Temp zraka:26.2C, Vlaga:37.8%, Temp zemlje:23.187C, Soil%:80.491%, Lux:33.33, STABLE=1
[2025-10-22 13:38:33] [INFO] - (COLD) Temp zraka:26.3C, Vlaga:37.9%, Temp zemlje:23.437C, Soil%:75.552%, Lux:22.5, STABLE=1
[2025-10-22 14:18:38] [INFO] - (COLD) Temp zraka:26.5C, Vlaga:37.1%, Temp zemlje:23.625C, Soil%:75.44%, Lux:9.17, STABLE=1
[2025-10-22 14:58:39] [INFO] - (COLD) Temp zraka:26.6C, Vlaga:37.1%, Temp zemlje:23.812C, Soil%:75.448%, Lux:6.67, STABLE=1
[2025-10-22 15:38:41] [INFO] - (COLD) Temp zraka:26.6C, Vlaga:36.6%, Temp zemlje:23.937C, Soil%:75.552%, Lux:1.67, STABLE=1
[2025-10-22 16:18:43] [INFO] - (COLD) Temp zraka:26.6C, Vlaga:36.2%, Temp zemlje:24.0C, Soil%:75.388%, Lux:2.5, STABLE=1
[2025-10-22 16:58:44] [INFO] - (COLD) Temp zraka:26.7C, Vlaga:36.0%, Temp zemlje:23.875C, Soil%:75.578%, Lux:4.17, STABLE=1
[2025-10-22 17:38:46] [INFO] - (COLD) Temp zraka:26.3C, Vlaga:36.8%, Temp zemlje:23.375C, Soil%:80.543%, Lux:1.67, STABLE=1
[2025-10-22 18:18:48] [INFO] - (COLD) Temp zraka:26.0C, Vlaga:39.0%, Temp zemlje:23.125C, Soil%:75.233%, Lux:0.83, STABLE=1
[2025-10-22 18:58:49] [INFO] - (COLD) Temp zraka:26.2C, Vlaga:48.2%, Temp zemlje:23.5C, Soil%:75.345%, Lux:1.67, STABLE=1
[2025-10-22 19:38:51] [INFO] - (COLD) Temp zraka:26.4C, Vlaga:47.2%, Temp zemlje:23.75C, Soil%:75.431%, Lux:0.83, STABLE=1
[2025-10-22 20:18:55] [INFO] - (COLD) Temp zraka:26.6C, Vlaga:47.2%, Temp zemlje:23.875C, Soil%:75.319%, Lux:1.67, STABLE=1
[2025-10-22 20:58:57] [INFO] - (COLD) Temp zraka:26.5C, Vlaga:55.8%, Temp zemlje:24.0C, Soil%:75.371%, Lux:0.83, STABLE=1
[2025-10-22 21:39:01] [INFO] - (COLD) Temp zraka:26.4C, Vlaga:57.5%, Temp zemlje:24.062C, Soil%:75.345%, Lux:1.67, STABLE=1
[2025-10-22 22:19:05] [INFO] - (COLD) Temp zraka:26.4C, Vlaga:58.0%, Temp zemlje:24.062C, Soil%:80.836%, Lux:0.0, STABLE=1
[2025-10-22 22:57:39] [INFO] - (COLD) Temp zraka:26.4C, Vlaga:58.1%, Temp zemlje:24.125C, Soil%:75.534%, Lux:2.5, STABLE=1
